2022-06-22T02:57:13.6NZ mysqld_safe Logging to '/Applications/MAMP/logs/mysql_error.log'.
2022-06-22T02:57:13.6NZ mysqld_safe Starting mysqld daemon with databases from /Applications/MAMP/db/mysql57
2022-06-22T02:57:14.015344Z 0 [Warning] TIMESTAMP with implicit DEFAULT value is deprecated. Please use --explicit_defaults_for_timestamp server option (see documentation for more details).
2022-06-22T02:57:14.015688Z 0 [Note] --secure-file-priv is set to NULL. Operations related to importing and exporting data are disabled
2022-06-22T02:57:14.015737Z 0 [Note] /Applications/MAMP/Library/bin/mysqld (mysqld 5.7.34) starting as process 54807 ...
2022-06-22T02:57:14.021684Z 0 [Warning] Setting lower_case_table_names=2 because file system for /Applications/MAMP/db/mysql57/ is case insensitive
2022-06-22T02:57:14.024185Z 0 [Note] InnoDB: Mutexes and rw_locks use GCC atomic builtins
2022-06-22T02:57:14.024232Z 0 [Note] InnoDB: Uses event mutexes
2022-06-22T02:57:14.024247Z 0 [Note] InnoDB: GCC builtin __atomic_thread_fence() is used for memory barrier
2022-06-22T02:57:14.024259Z 0 [Note] InnoDB: Compressed tables use zlib 1.2.11
2022-06-22T02:57:14.024716Z 0 [Note] InnoDB: Number of pools: 1
2022-06-22T02:57:14.024894Z 0 [Note] InnoDB: Using CPU crc32 instructions
2022-06-22T02:57:14.026712Z 0 [Note] InnoDB: Initializing buffer pool, total size = 128M, instances = 1, chunk size = 128M
2022-06-22T02:57:14.038414Z 0 [Note] InnoDB: Completed initialization of buffer pool
2022-06-22T02:57:14.055788Z 0 [Note] InnoDB: Highest supported file format is Barracuda.
2022-06-22T02:57:14.065148Z 0 [Note] InnoDB: Creating shared tablespace for temporary tables
2022-06-22T02:57:14.065323Z 0 [Note] InnoDB: Setting file './ibtmp1' size to 12 MB. Physically writing the file full; Please wait ...
2022-06-22T02:57:14.083412Z 0 [Note] InnoDB: File './ibtmp1' size is now 12 MB.
2022-06-22T02:57:14.084708Z 0 [Note] InnoDB: 96 redo rollback segment(s) found. 96 redo rollback segment(s) are active.
2022-06-22T02:57:14.084747Z 0 [Note] InnoDB: 32 non-redo rollback segment(s) are active.
2022-06-22T02:57:14.085086Z 0 [Note] InnoDB: Waiting for purge to start
2022-06-22T02:57:14.136274Z 0 [Note] InnoDB: 5.7.34 started; log sequence number 2551425
2022-06-22T02:57:14.136667Z 0 [Note] InnoDB: Loading buffer pool(s) from /Applications/MAMP/db/mysql57/ib_buffer_pool
2022-06-22T02:57:14.136833Z 0 [Note] Plugin 'FEDERATED' is disabled.
2022-06-22T02:57:14.152569Z 0 [Warning] InnoDB: Table mysql/innodb_table_stats has length mismatch in the column name table_name.  Please run mysql_upgrade
2022-06-22T02:57:14.152662Z 0 [Warning] InnoDB: Table mysql/innodb_index_stats has length mismatch in the column name table_name.  Please run mysql_upgrade
2022-06-22T02:57:14.160846Z 0 [Note] InnoDB: Buffer pool(s) load completed at 220622 11:57:14
2022-06-22T02:57:14.161970Z 0 [Note] Found ca.pem, server-cert.pem and server-key.pem in data directory. Trying to enable SSL support using them.
2022-06-22T02:57:14.162012Z 0 [Note] Skipping generation of SSL certificates as certificate files are present in data directory.
2022-06-22T02:57:14.166294Z 0 [Warning] CA certificate ca.pem is self signed.
2022-06-22T02:57:14.166417Z 0 [Note] Skipping generation of RSA key pair as key files are present in data directory.
2022-06-22T02:57:14.168234Z 0 [Note] Server hostname (bind-address): '*'; port: 8889
2022-06-22T02:57:14.168944Z 0 [Note] IPv6 is available.
2022-06-22T02:57:14.168998Z 0 [Note]   - '::' resolves to '::';
2022-06-22T02:57:14.169149Z 0 [Note] Server socket created on IP: '::'.
2022-06-22T02:57:14.245888Z 0 [Note] Event Scheduler: Loaded 0 events
2022-06-22T02:57:14.246048Z 0 [Note] /Applications/MAMP/Library/bin/mysqld: ready for connections.
Version: '5.7.34'  socket: '/Applications/MAMP/tmp/mysql/mysql.sock'  port: 8889  MySQL Community Server (GPL)
2022-06-22T03:31:25.018014Z 0 [Note] InnoDB: page_cleaner: 1000ms intended loop took 1793867ms. The settings might not be optimal. (flushed=0 and evicted=0, during the time.)
2022-06-22T03:48:06.010151Z 0 [Note] InnoDB: page_cleaner: 1000ms intended loop took 950602ms. The settings might not be optimal. (flushed=0 and evicted=0, during the time.)
2022-06-22T04:05:11.011369Z 0 [Note] InnoDB: page_cleaner: 1000ms intended loop took 977750ms. The settings might not be optimal. (flushed=0 and evicted=0, during the time.)
2022-06-22T04:34:19.011290Z 0 [Note] InnoDB: page_cleaner: 1000ms intended loop took 1700641ms. The settings might not be optimal. (flushed=0 and evicted=0, during the time.)
2022-06-22T04:52:09.023817Z 0 [Note] InnoDB: page_cleaner: 1000ms intended loop took 1019568ms. The settings might not be optimal. (flushed=0 and evicted=0, during the time.)
2022-06-22T05:10:15.012553Z 0 [Note] InnoDB: page_cleaner: 1000ms intended loop took 1038607ms. The settings might not be optimal. (flushed=0 and evicted=0, during the time.)
2022-06-22T05:14:00.021455Z 0 [Note] InnoDB: page_cleaner: 1000ms intended loop took 177603ms. The settings might not be optimal. (flushed=0 and evicted=0, during the time.)
2022-06-22T06:08:01.011456Z 0 [Note] InnoDB: page_cleaner: 1000ms intended loop took 1795414ms. The settings might not be optimal. (flushed=0 and evicted=0, during the time.)
2022-06-22T06:24:47.010397Z 0 [Note] InnoDB: page_cleaner: 1000ms intended loop took 950540ms. The settings might not be optimal. (flushed=0 and evicted=0, during the time.)
2022-06-22T06:31:09.018165Z 0 [Note] InnoDB: page_cleaner: 1000ms intended loop took 334536ms. The settings might not be optimal. (flushed=0 and evicted=0, during the time.)
2022-06-22T07:02:30.011099Z 0 [Note] InnoDB: page_cleaner: 1000ms intended loop took 1794095ms. The settings might not be optimal. (flushed=0 and evicted=0, during the time.)
2022-06-22T07:20:49.010635Z 0 [Note] InnoDB: page_cleaner: 1000ms intended loop took 1048606ms. The settings might not be optimal. (flushed=0 and evicted=0, during the time.)
2022-06-22T07:36:44.010866Z 0 [Note] InnoDB: page_cleaner: 1000ms intended loop took 907707ms. The settings might not be optimal. (flushed=0 and evicted=0, during the time.)
2022-06-22T07:55:09.012252Z 0 [Note] InnoDB: page_cleaner: 1000ms intended loop took 1057715ms. The settings might not be optimal. (flushed=0 and evicted=0, during the time.)
2022-06-22T08:11:05.012181Z 0 [Note] InnoDB: page_cleaner: 1000ms intended loop took 908629ms. The settings might not be optimal. (flushed=0 and evicted=0, during the time.)
2022-06-22T09:09:20.010853Z 0 [Note] InnoDB: page_cleaner: 1000ms intended loop took 3444731ms. The settings might not be optimal. (flushed=0 and evicted=0, during the time.)
2022-06-22T09:50:35.020223Z 0 [Note] InnoDB: page_cleaner: 1000ms intended loop took 2427850ms. The settings might not be optimal. (flushed=0 and evicted=0, during the time.)
2022-06-22T10:22:21.013098Z 0 [Note] InnoDB: page_cleaner: 1000ms intended loop took 1793912ms. The settings might not be optimal. (flushed=0 and evicted=0, during the time.)
2022-06-22T10:38:44.009780Z 0 [Note] InnoDB: page_cleaner: 1000ms intended loop took 932997ms. The settings might not be optimal. (flushed=0 and evicted=0, during the time.)
2022-06-22T10:56:06.011881Z 0 [Note] InnoDB: page_cleaner: 1000ms intended loop took 994127ms. The settings might not be optimal. (flushed=0 and evicted=0, during the time.)
2022-06-22T11:43:42.020674Z 0 [Note] InnoDB: page_cleaner: 1000ms intended loop took 2809264ms. The settings might not be optimal. (flushed=0 and evicted=0, during the time.)
2022-06-22T12:20:31.013213Z 0 [Note] InnoDB: page_cleaner: 1000ms intended loop took 1795108ms. The settings might not be optimal. (flushed=0 and evicted=0, during the time.)
2022-06-22T12:36:17.009957Z 0 [Note] InnoDB: page_cleaner: 1000ms intended loop took 895130ms. The settings might not be optimal. (flushed=0 and evicted=0, during the time.)
2022-06-22T12:53:44.011994Z 0 [Note] InnoDB: page_cleaner: 1000ms intended loop took 1000198ms. The settings might not be optimal. (flushed=0 and evicted=0, during the time.)
2022-06-22T13:22:53.011290Z 0 [Note] InnoDB: page_cleaner: 1000ms intended loop took 1701144ms. The settings might not be optimal. (flushed=0 and evicted=0, during the time.)
2022-06-22T15:23:38.014859Z 0 [Note] InnoDB: page_cleaner: 1000ms intended loop took 7194289ms. The settings might not be optimal. (flushed=0 and evicted=0, during the time.)
2022-06-22T17:24:40.012140Z 0 [Note] InnoDB: page_cleaner: 1000ms intended loop took 7194392ms. The settings might not be optimal. (flushed=0 and evicted=0, during the time.)
2022-06-22T17:55:46.011181Z 0 [Note] InnoDB: page_cleaner: 1000ms intended loop took 1777794ms. The settings might not be optimal. (flushed=0 and evicted=0, during the time.)
2022-06-22T19:56:31.011679Z 0 [Note] InnoDB: page_cleaner: 1000ms intended loop took 7197719ms. The settings might not be optimal. (flushed=0 and evicted=0, during the time.)
2022-06-22T21:57:16.014644Z 0 [Note] InnoDB: page_cleaner: 1000ms intended loop took 7194686ms. The settings might not be optimal. (flushed=0 and evicted=0, during the time.)
2022-06-22T23:06:51.009987Z 0 [Note] InnoDB: page_cleaner: 1000ms intended loop took 4124599ms. The settings might not be optimal. (flushed=0 and evicted=0, during the time.)
2022-06-23T00:46:24.027310Z 0 [Note] InnoDB: page_cleaner: 1000ms intended loop took 5922703ms. The settings might not be optimal. (flushed=0 and evicted=0, during the time.)
2022-06-23T01:51:18.010963Z 0 [Note] InnoDB: page_cleaner: 1000ms intended loop took 1793931ms. The settings might not be optimal. (flushed=0 and evicted=0, during the time.)
2022-06-23T02:08:04.013619Z 0 [Note] InnoDB: page_cleaner: 1000ms intended loop took 955712ms. The settings might not be optimal. (flushed=0 and evicted=0, during the time.)
2022-06-23T02:24:14.011279Z 0 [Note] InnoDB: page_cleaner: 1000ms intended loop took 922626ms. The settings might not be optimal. (flushed=0 and evicted=0, during the time.)
2022-06-23T02:42:19.012057Z 0 [Note] InnoDB: page_cleaner: 1000ms intended loop took 1037758ms. The settings might not be optimal. (flushed=0 and evicted=0, during the time.)
2022-06-23T04:28:01.010385Z 0 [Note] InnoDB: page_cleaner: 1000ms intended loop took 6294745ms. The settings might not be optimal. (flushed=0 and evicted=0, during the time.)
2022-06-23T04:54:07.011359Z 0 [Note] InnoDB: page_cleaner: 1000ms intended loop took 1515657ms. The settings might not be optimal. (flushed=0 and evicted=0, during the time.)
2022-06-23T05:24:15.011585Z 0 [Note] InnoDB: page_cleaner: 1000ms intended loop took 1760952ms. The settings might not be optimal. (flushed=0 and evicted=0, during the time.)
2022-06-23T07:25:01.011905Z 0 [Note] InnoDB: page_cleaner: 1000ms intended loop took 7197830ms. The settings might not be optimal. (flushed=0 and evicted=0, during the time.)
2022-06-23T07:52:23.029217Z 0 [Note] InnoDB: page_cleaner: 1000ms intended loop took 1591749ms. The settings might not be optimal. (flushed=0 and evicted=0, during the time.)
2022-06-23T09:35:05.010339Z 0 [Note] InnoDB: page_cleaner: 1000ms intended loop took 1794579ms. The settings might not be optimal. (flushed=0 and evicted=0, during the time.)
2022-06-23T09:51:00.011388Z 0 [Note] InnoDB: page_cleaner: 1000ms intended loop took 904731ms. The settings might not be optimal. (flushed=0 and evicted=0, during the time.)
2022-06-23T10:08:11.010815Z 0 [Note] InnoDB: page_cleaner: 1000ms intended loop took 983790ms. The settings might not be optimal. (flushed=0 and evicted=0, during the time.)
2022-06-23T10:23:29.019832Z 0 [Note] InnoDB: page_cleaner: 1000ms intended loop took 870857ms. The settings might not be optimal. (flushed=0 and evicted=0, during the time.)
2022-06-23T10:48:39.019838Z 0 [Note] InnoDB: page_cleaner: 1000ms intended loop took 125474ms. The settings might not be optimal. (flushed=0 and evicted=0, during the time.)
2022-06-23T11:46:59.010794Z 0 [Note] InnoDB: page_cleaner: 1000ms intended loop took 1794425ms. The settings might not be optimal. (flushed=0 and evicted=0, during the time.)
2022-06-23T12:05:33.012803Z 0 [Note] InnoDB: page_cleaner: 1000ms intended loop took 1063896ms. The settings might not be optimal. (flushed=0 and evicted=0, during the time.)
2022-06-23T12:24:12.010593Z 0 [Note] InnoDB: page_cleaner: 1000ms intended loop took 1071798ms. The settings might not be optimal. (flushed=0 and evicted=0, during the time.)
2022-06-23T13:09:38.011062Z 0 [Note] InnoDB: page_cleaner: 1000ms intended loop took 2677912ms. The settings might not be optimal. (flushed=0 and evicted=0, during the time.)
2022-06-23T15:10:23.012081Z 0 [Note] InnoDB: page_cleaner: 1000ms intended loop took 7194877ms. The settings might not be optimal. (flushed=0 and evicted=0, during the time.)
2022-06-23T17:11:09.011723Z 0 [Note] InnoDB: page_cleaner: 1000ms intended loop took 7195131ms. The settings might not be optimal. (flushed=0 and evicted=0, during the time.)
2022-06-23T19:11:09.011814Z 0 [Note] InnoDB: page_cleaner: 1000ms intended loop took 7134136ms. The settings might not be optimal. (flushed=0 and evicted=0, during the time.)
2022-06-23T21:12:30.008139Z 0 [Note] InnoDB: page_cleaner: 1000ms intended loop took 7194210ms. The settings might not be optimal. (flushed=0 and evicted=0, during the time.)
2022-06-23T23:13:15.012091Z 0 [Note] InnoDB: page_cleaner: 1000ms intended loop took 7194267ms. The settings might not be optimal. (flushed=0 and evicted=0, during the time.)
2022-06-24T00:46:24.010970Z 0 [Note] InnoDB: page_cleaner: 1000ms intended loop took 5539272ms. The settings might not be optimal. (flushed=0 and evicted=0, during the time.)
2022-06-24T02:13:53.015163Z 0 [Note] InnoDB: page_cleaner: 1000ms intended loop took 1644190ms. The settings might not be optimal. (flushed=0 and evicted=0, during the time.)
2022-06-24T04:14:38.012044Z 0 [Note] InnoDB: page_cleaner: 1000ms intended loop took 7194344ms. The settings might not be optimal. (flushed=0 and evicted=0, during the time.)
2022-06-24T04:32:45.011466Z 0 [Note] InnoDB: page_cleaner: 1000ms intended loop took 1037433ms. The settings might not be optimal. (flushed=0 and evicted=0, during the time.)
2022-06-24T04:44:33.024115Z 0 [Note] InnoDB: page_cleaner: 1000ms intended loop took 660376ms. The settings might not be optimal. (flushed=0 and evicted=0, during the time.)
2022-06-24T06:15:08.014229Z 0 [Note] InnoDB: page_cleaner: 1000ms intended loop took 175481ms. The settings might not be optimal. (flushed=0 and evicted=0, during the time.)
2022-06-24T07:10:00.010538Z 0 [Note] InnoDB: page_cleaner: 1000ms intended loop took 5627ms. The settings might not be optimal. (flushed=0 and evicted=0, during the time.)
2022-06-24T08:17:10.019675Z 0 [Note] InnoDB: page_cleaner: 1000ms intended loop took 1407993ms. The settings might not be optimal. (flushed=0 and evicted=0, during the time.)
2022-06-24T08:53:14.010797Z 0 [Note] InnoDB: page_cleaner: 1000ms intended loop took 1795341ms. The settings might not be optimal. (flushed=0 and evicted=0, during the time.)
2022-06-24T09:11:42.009848Z 0 [Note] InnoDB: page_cleaner: 1000ms intended loop took 1052356ms. The settings might not be optimal. (flushed=0 and evicted=0, during the time.)
2022-06-24T09:29:28.010337Z 0 [Note] InnoDB: page_cleaner: 1000ms intended loop took 1018468ms. The settings might not be optimal. (flushed=0 and evicted=0, during the time.)
2022-06-24T09:53:29.011494Z 0 [Note] InnoDB: page_cleaner: 1000ms intended loop took 1393361ms. The settings might not be optimal. (flushed=0 and evicted=0, during the time.)
2022-06-24T10:11:05.009092Z 0 [Note] InnoDB: page_cleaner: 1000ms intended loop took 1004295ms. The settings might not be optimal. (flushed=0 and evicted=0, during the time.)
2022-06-24T12:11:50.011392Z 0 [Note] InnoDB: page_cleaner: 1000ms intended loop took 7197453ms. The settings might not be optimal. (flushed=0 and evicted=0, during the time.)
2022-06-24T14:12:35.010636Z 0 [Note] InnoDB: page_cleaner: 1000ms intended loop took 7194657ms. The settings might not be optimal. (flushed=0 and evicted=0, during the time.)
2022-06-24T16:13:37.011689Z 0 [Note] InnoDB: page_cleaner: 1000ms intended loop took 7194828ms. The settings might not be optimal. (flushed=0 and evicted=0, during the time.)
2022-06-24T18:14:22.011264Z 0 [Note] InnoDB: page_cleaner: 1000ms intended loop took 7194631ms. The settings might not be optimal. (flushed=0 and evicted=0, during the time.)
2022-06-24T20:15:18.011916Z 0 [Note] InnoDB: page_cleaner: 1000ms intended loop took 7194666ms. The settings might not be optimal. (flushed=0 and evicted=0, during the time.)
2022-06-24T20:33:12.010628Z 0 [Note] InnoDB: page_cleaner: 1000ms intended loop took 983773ms. The settings might not be optimal. (flushed=0 and evicted=0, during the time.)
2022-06-24T22:33:57.011508Z 0 [Note] InnoDB: page_cleaner: 1000ms intended loop took 7197925ms. The settings might not be optimal. (flushed=0 and evicted=0, during the time.)
2022-06-25T00:34:43.011009Z 0 [Note] InnoDB: page_cleaner: 1000ms intended loop took 7195227ms. The settings might not be optimal. (flushed=0 and evicted=0, during the time.)
2022-06-25T00:46:24.011007Z 0 [Note] InnoDB: page_cleaner: 1000ms intended loop took 650378ms. The settings might not be optimal. (flushed=0 and evicted=0, during the time.)
2022-06-25T03:46:22.012282Z 0 [Note] InnoDB: page_cleaner: 1000ms intended loop took 7195245ms. The settings might not be optimal. (flushed=0 and evicted=0, during the time.)
2022-06-25T04:26:10.010353Z 0 [Note] InnoDB: page_cleaner: 1000ms intended loop took 2337466ms. The settings might not be optimal. (flushed=0 and evicted=0, during the time.)
2022-06-25T04:55:35.011040Z 0 [Note] InnoDB: page_cleaner: 1000ms intended loop took 1717519ms. The settings might not be optimal. (flushed=0 and evicted=0, during the time.)
2022-06-25T05:48:19.010551Z 0 [Note] InnoDB: page_cleaner: 1000ms intended loop took 3113627ms. The settings might not be optimal. (flushed=0 and evicted=0, during the time.)
2022-06-25T07:49:04.010165Z 0 [Note] InnoDB: page_cleaner: 1000ms intended loop took 7197641ms. The settings might not be optimal. (flushed=0 and evicted=0, during the time.)
2022-06-25T09:49:49.012072Z 0 [Note] InnoDB: page_cleaner: 1000ms intended loop took 7194593ms. The settings might not be optimal. (flushed=0 and evicted=0, during the time.)
2022-06-25T11:50:34.010919Z 0 [Note] InnoDB: page_cleaner: 1000ms intended loop took 7194729ms. The settings might not be optimal. (flushed=0 and evicted=0, during the time.)
2022-06-25T13:51:19.011477Z 0 [Note] InnoDB: page_cleaner: 1000ms intended loop took 7194861ms. The settings might not be optimal. (flushed=0 and evicted=0, during the time.)
2022-06-25T15:52:04.014057Z 0 [Note] InnoDB: page_cleaner: 1000ms intended loop took 7196224ms. The settings might not be optimal. (flushed=0 and evicted=0, during the time.)
2022-06-25T17:52:49.012282Z 0 [Note] InnoDB: page_cleaner: 1000ms intended loop took 7194430ms. The settings might not be optimal. (flushed=0 and evicted=0, during the time.)
2022-06-25T19:53:35.010492Z 0 [Note] InnoDB: page_cleaner: 1000ms intended loop took 7195581ms. The settings might not be optimal. (flushed=0 and evicted=0, during the time.)
2022-06-25T21:05:18.011475Z 0 [Note] InnoDB: page_cleaner: 1000ms intended loop took 4206595ms. The settings might not be optimal. (flushed=0 and evicted=0, during the time.)
2022-06-25T23:06:03.012346Z 0 [Note] InnoDB: page_cleaner: 1000ms intended loop took 7194772ms. The settings might not be optimal. (flushed=0 and evicted=0, during the time.)
2022-06-26T00:46:24.013370Z 0 [Note] InnoDB: page_cleaner: 1000ms intended loop took 5970809ms. The settings might not be optimal. (flushed=0 and evicted=0, during the time.)
2022-06-26T03:46:23.011448Z 0 [Note] InnoDB: page_cleaner: 1000ms intended loop took 7195895ms. The settings might not be optimal. (flushed=0 and evicted=0, during the time.)
2022-06-26T05:47:08.010999Z 0 [Note] InnoDB: page_cleaner: 1000ms intended loop took 7194915ms. The settings might not be optimal. (flushed=0 and evicted=0, during the time.)
2022-06-26T07:47:54.011190Z 0 [Note] InnoDB: page_cleaner: 1000ms intended loop took 7194661ms. The settings might not be optimal. (flushed=0 and evicted=0, during the time.)
2022-06-26T09:48:39.011727Z 0 [Note] InnoDB: page_cleaner: 1000ms intended loop took 7194591ms. The settings might not be optimal. (flushed=0 and evicted=0, during the time.)
2022-06-26T11:49:24.011860Z 0 [Note] InnoDB: page_cleaner: 1000ms intended loop took 7194922ms. The settings might not be optimal. (flushed=0 and evicted=0, during the time.)
2022-06-26T13:50:10.011422Z 0 [Note] InnoDB: page_cleaner: 1000ms intended loop took 7195147ms. The settings might not be optimal. (flushed=0 and evicted=0, during the time.)
2022-06-26T15:50:56.014095Z 0 [Note] InnoDB: page_cleaner: 1000ms intended loop took 7195179ms. The settings might not be optimal. (flushed=0 and evicted=0, during the time.)
2022-06-26T17:51:41.010358Z 0 [Note] InnoDB: page_cleaner: 1000ms intended loop took 7194319ms. The settings might not be optimal. (flushed=0 and evicted=0, during the time.)
2022-06-26T19:52:29.012079Z 0 [Note] InnoDB: page_cleaner: 1000ms intended loop took 7194632ms. The settings might not be optimal. (flushed=0 and evicted=0, during the time.)
2022-06-26T21:53:54.010484Z 0 [Note] InnoDB: page_cleaner: 1000ms intended loop took 7195380ms. The settings might not be optimal. (flushed=0 and evicted=0, during the time.)
2022-06-26T23:54:41.012492Z 0 [Note] InnoDB: page_cleaner: 1000ms intended loop took 7195287ms. The settings might not be optimal. (flushed=0 and evicted=0, during the time.)
2022-06-27T01:55:25.011647Z 0 [Note] InnoDB: page_cleaner: 1000ms intended loop took 7194762ms. The settings might not be optimal. (flushed=0 and evicted=0, during the time.)
2022-06-27T03:56:10.013689Z 0 [Note] InnoDB: page_cleaner: 1000ms intended loop took 7194592ms. The settings might not be optimal. (flushed=0 and evicted=0, during the time.)
2022-06-27T05:04:57.028106Z 0 [Note] InnoDB: page_cleaner: 1000ms intended loop took 4076940ms. The settings might not be optimal. (flushed=0 and evicted=0, during the time.)
2022-06-27T05:55:47.026748Z 0 [Note] InnoDB: page_cleaner: 1000ms intended loop took 394946ms. The settings might not be optimal. (flushed=0 and evicted=0, during the time.)
2022-06-27T07:02:05.017512Z 0 [Note] InnoDB: page_cleaner: 1000ms intended loop took 1010854ms. The settings might not be optimal. (flushed=0 and evicted=0, during the time.)
2022-06-27T07:36:52.009749Z 0 [Note] InnoDB: page_cleaner: 1000ms intended loop took 1794507ms. The settings might not be optimal. (flushed=0 and evicted=0, during the time.)
2022-06-27T07:46:24.011011Z 0 [Note] InnoDB: page_cleaner: 1000ms intended loop took 521166ms. The settings might not be optimal. (flushed=0 and evicted=0, during the time.)
2022-06-27T08:02:06.027009Z 0 [Note] InnoDB: page_cleaner: 1000ms intended loop took 342031ms. The settings might not be optimal. (flushed=0 and evicted=0, during the time.)
2022-06-27T08:16:57.016399Z 0 [Note] InnoDB: page_cleaner: 1000ms intended loop took 178366ms. The settings might not be optimal. (flushed=0 and evicted=0, during the time.)
2022-06-27T09:02:17.013931Z 0 [Note] InnoDB: page_cleaner: 1000ms intended loop took 351801ms. The settings might not be optimal. (flushed=0 and evicted=0, during the time.)
2022-06-27T09:33:04.011428Z 0 [Note] InnoDB: page_cleaner: 1000ms intended loop took 1795258ms. The settings might not be optimal. (flushed=0 and evicted=0, during the time.)
2022-06-27T09:50:36.011905Z 0 [Note] InnoDB: page_cleaner: 1000ms intended loop took 1001193ms. The settings might not be optimal. (flushed=0 and evicted=0, during the time.)
2022-06-27T10:41:31.011856Z 0 [Note] InnoDB: page_cleaner: 1000ms intended loop took 3007318ms. The settings might not be optimal. (flushed=0 and evicted=0, during the time.)
2022-06-27T10:57:42.009661Z 0 [Note] InnoDB: page_cleaner: 1000ms intended loop took 920243ms. The settings might not be optimal. (flushed=0 and evicted=0, during the time.)
2022-06-27T11:15:53.007163Z 0 [Note] InnoDB: page_cleaner: 1000ms intended loop took 1044369ms. The settings might not be optimal. (flushed=0 and evicted=0, during the time.)
2022-06-27T12:42:18.012094Z 0 [Note] InnoDB: page_cleaner: 1000ms intended loop took 5138380ms. The settings might not be optimal. (flushed=0 and evicted=0, during the time.)
2022-06-27T14:10:11.011183Z 0 [Note] InnoDB: page_cleaner: 1000ms intended loop took 5222424ms. The settings might not be optimal. (flushed=0 and evicted=0, during the time.)
2022-06-27T15:39:52.012543Z 0 [Note] InnoDB: page_cleaner: 1000ms intended loop took 5308571ms. The settings might not be optimal. (flushed=0 and evicted=0, during the time.)
2022-06-27T15:57:10.009720Z 0 [Note] InnoDB: page_cleaner: 1000ms intended loop took 987524ms. The settings might not be optimal. (flushed=0 and evicted=0, during the time.)
2022-06-27T17:05:35.011416Z 0 [Note] InnoDB: page_cleaner: 1000ms intended loop took 4057556ms. The settings might not be optimal. (flushed=0 and evicted=0, during the time.)
2022-06-27T17:24:43.011650Z 0 [Note] InnoDB: page_cleaner: 1000ms intended loop took 1072717ms. The settings might not be optimal. (flushed=0 and evicted=0, during the time.)
2022-06-27T18:41:18.012293Z 0 [Note] InnoDB: page_cleaner: 1000ms intended loop took 4501591ms. The settings might not be optimal. (flushed=0 and evicted=0, during the time.)
2022-06-27T18:57:38.012288Z 0 [Note] InnoDB: page_cleaner: 1000ms intended loop took 922523ms. The settings might not be optimal. (flushed=0 and evicted=0, during the time.)
2022-06-27T19:16:01.011195Z 0 [Note] InnoDB: page_cleaner: 1000ms intended loop took 1055692ms. The settings might not be optimal. (flushed=0 and evicted=0, during the time.)
2022-06-27T21:16:46.010988Z 0 [Note] InnoDB: page_cleaner: 1000ms intended loop took 7197577ms. The settings might not be optimal. (flushed=0 and evicted=0, during the time.)
2022-06-27T23:17:31.012343Z 0 [Note] InnoDB: page_cleaner: 1000ms intended loop took 7195032ms. The settings might not be optimal. (flushed=0 and evicted=0, during the time.)
2022-06-28T00:46:24.010462Z 0 [Note] InnoDB: page_cleaner: 1000ms intended loop took 5281376ms. The settings might not be optimal. (flushed=0 and evicted=0, during the time.)
2022-06-28T03:45:33.023744Z 0 [Note] InnoDB: page_cleaner: 1000ms intended loop took 7143960ms. The settings might not be optimal. (flushed=0 and evicted=0, during the time.)
2022-06-28T05:18:55.028121Z 0 [Note] InnoDB: page_cleaner: 1000ms intended loop took 1547719ms. The settings might not be optimal. (flushed=0 and evicted=0, during the time.)
2022-06-28T06:24:45.012298Z 0 [Note] InnoDB: page_cleaner: 1000ms intended loop took 1795308ms. The settings might not be optimal. (flushed=0 and evicted=0, during the time.)
2022-06-28T06:40:46.011016Z 0 [Note] InnoDB: page_cleaner: 1000ms intended loop took 910549ms. The settings might not be optimal. (flushed=0 and evicted=0, during the time.)
2022-06-28T06:57:26.010271Z 0 [Note] InnoDB: page_cleaner: 1000ms intended loop took 952609ms. The settings might not be optimal. (flushed=0 and evicted=0, during the time.)
2022-06-28T07:15:10.012585Z 0 [Note] InnoDB: page_cleaner: 1000ms intended loop took 1016532ms. The settings might not be optimal. (flushed=0 and evicted=0, during the time.)
2022-06-28T07:33:15.010822Z 0 [Note] InnoDB: page_cleaner: 1000ms intended loop took 1037520ms. The settings might not be optimal. (flushed=0 and evicted=0, during the time.)
2022-06-28T07:50:51.009557Z 0 [Note] InnoDB: page_cleaner: 1000ms intended loop took 1005599ms. The settings might not be optimal. (flushed=0 and evicted=0, during the time.)
2022-06-28T09:40:47.010773Z 0 [Note] InnoDB: page_cleaner: 1000ms intended loop took 6548621ms. The settings might not be optimal. (flushed=0 and evicted=0, during the time.)
2022-06-28T09:59:01.011586Z 0 [Note] InnoDB: page_cleaner: 1000ms intended loop took 1043685ms. The settings might not be optimal. (flushed=0 and evicted=0, during the time.)
2022-06-28T11:59:46.010961Z 0 [Note] InnoDB: page_cleaner: 1000ms intended loop took 7197648ms. The settings might not be optimal. (flushed=0 and evicted=0, during the time.)
2022-06-28T14:00:31.011107Z 0 [Note] InnoDB: page_cleaner: 1000ms intended loop took 7194783ms. The settings might not be optimal. (flushed=0 and evicted=0, during the time.)
2022-06-28T15:26:12.014071Z 0 [Note] InnoDB: page_cleaner: 1000ms intended loop took 5090755ms. The settings might not be optimal. (flushed=0 and evicted=0, during the time.)
2022-06-28T17:26:57.012350Z 0 [Note] InnoDB: page_cleaner: 1000ms intended loop took 7194864ms. The settings might not be optimal. (flushed=0 and evicted=0, during the time.)
2022-06-28T19:27:48.010998Z 0 [Note] InnoDB: page_cleaner: 1000ms intended loop took 7194969ms. The settings might not be optimal. (flushed=0 and evicted=0, during the time.)
2022-06-28T20:05:39.010237Z 0 [Note] InnoDB: page_cleaner: 1000ms intended loop took 2180910ms. The settings might not be optimal. (flushed=0 and evicted=0, during the time.)
2022-06-28T22:06:25.011706Z 0 [Note] InnoDB: page_cleaner: 1000ms intended loop took 7197951ms. The settings might not be optimal. (flushed=0 and evicted=0, during the time.)
2022-06-29T00:07:11.010588Z 0 [Note] InnoDB: page_cleaner: 1000ms intended loop took 7195000ms. The settings might not be optimal. (flushed=0 and evicted=0, during the time.)
2022-06-29T00:46:24.011011Z 0 [Note] InnoDB: page_cleaner: 1000ms intended loop took 2302913ms. The settings might not be optimal. (flushed=0 and evicted=0, during the time.)
2022-06-29T03:46:23.013414Z 0 [Note] InnoDB: page_cleaner: 1000ms intended loop took 7195423ms. The settings might not be optimal. (flushed=0 and evicted=0, during the time.)
2022-06-29T04:55:56.022108Z 0 [Note] InnoDB: page_cleaner: 1000ms intended loop took 4122888ms. The settings might not be optimal. (flushed=0 and evicted=0, during the time.)
